****** IT8951 ******
Panel(W,H) = (1200,825)
Image Buffer Address = 11A1E0
FW Version = SWv_0.2.1T
LUT Version = M841

*****************************************
BMP_cfSize:991078 
BMP_cfoffBits:1078 
BMP_ciSize:40 
BMP_ciWidth:1200 
BMP_ciHeight:825 
BMP_ciPlanes:1 
BMP_ciBitCount:8 
BMP_ciCompress:0 
BMP_ciSizeImage:f1b30 
BMP_ciXPelsPerMeter:ec3 
BMP_ciYPelsPerMeter:ec3 
BMP_ciClrUsed:100 
BMP_ciClrImportant:100 
*****************************************

total_length:990000,990000
bytesPerLine = 1200
imageSize = 990000
skip = 0
****** IT8951 ******
Panel(W,H) = (1200,825)
Image Buffer Address = 11A1E0
FW Version = SWv_0.2.1T
LUT Version = M841

*****************************************
BMP_cfSize:991078 
BMP_cfoffBits:1078 
BMP_ciSize:40 
BMP_ciWidth:1200 
BMP_ciHeight:825 
BMP_ciPlanes:1 
BMP_ciBitCount:8 
BMP_ciCompress:0 
BMP_ciSizeImage:f1b30 
BMP_ciXPelsPerMeter:ec3 
BMP_ciYPelsPerMeter:ec3 
BMP_ciClrUsed:100 
BMP_ciClrImportant:100 
*****************************************

total_length:990000,990000
bytesPerLine = 1200
imageSize = 990000
skip = 0
****** IT8951 ******
Panel(W,H) = (1200,825)
Image Buffer Address = 11A1E0
FW Version = SWv_0.2.1T
LUT Version = M841

*****************************************
BMP_cfSize:991078 
BMP_cfoffBits:1078 
BMP_ciSize:40 
BMP_ciWidth:1200 
BMP_ciHeight:825 
BMP_ciPlanes:1 
BMP_ciBitCount:8 
BMP_ciCompress:0 
BMP_ciSizeImage:f1b30 
BMP_ciXPelsPerMeter:ec3 
BMP_ciYPelsPerMeter:ec3 
BMP_ciClrUsed:100 
BMP_ciClrImportant:100 
*****************************************

total_length:990000,990000
bytesPerLine = 1200
imageSize = 990000
skip = 0
****** IT8951 ******
Panel(W,H) = (1200,825)
Image Buffer Address = 11A1E0
FW Version = SWv_0.2.1T
LUT Version = M841

*****************************************
BMP_cfSize:991078 
BMP_cfoffBits:1078 
BMP_ciSize:40 
BMP_ciWidth:1200 
BMP_ciHeight:825 
BMP_ciPlanes:1 
BMP_ciBitCount:8 
BMP_ciCompress:0 
BMP_ciSizeImage:f1b30 
BMP_ciXPelsPerMeter:ec3 
BMP_ciYPelsPerMeter:ec3 
BMP_ciClrUsed:100 
BMP_ciClrImportant:100 
*****************************************

total_length:990000,990000
bytesPerLine = 1200
imageSize = 990000
skip = 0
